[debug] [2024-11-22T23:12:41.623Z] ----------------------------------------------------------------------
[debug] [2024-11-22T23:12:41.624Z] Command:       /Users/JakJones/.nvm/versions/node/v18.13.0/bin/node /usr/local/bin/firebase init
[debug] [2024-11-22T23:12:41.625Z] CLI Version:   10.6.0
[debug] [2024-11-22T23:12:41.625Z] Platform:      darwin
[debug] [2024-11-22T23:12:41.625Z] Node Version:  v18.13.0
[debug] [2024-11-22T23:12:41.627Z] Time:          Fri Nov 22 2024 16:12:41 GMT-0700 (Mountain Standard Time)
[debug] [2024-11-22T23:12:41.627Z] ----------------------------------------------------------------------
[debug] 
[debug] [2024-11-22T23:12:41.630Z] >>> [apiv2][query] GET https://firebase-public.firebaseio.com/cli.json [none]
[debug] [2024-11-22T23:12:41.686Z] > command requires scopes: ["email","openid","https://www.googleapis.com/auth/cloudplatformprojects.readonly","https://www.googleapis.com/auth/firebase","https://www.googleapis.com/auth/cloud-platform"]
[debug] [2024-11-22T23:12:41.686Z] > authorizing via signed-in user (jakejonesinfo@gmail.com)
[info] 
     ######## #### ########  ######## ########     ###     ######  ########
     ##        ##  ##     ## ##       ##     ##  ##   ##  ##       ##
     ######    ##  ########  ######   ########  #########  ######  ######
     ##        ##  ##    ##  ##       ##     ## ##     ##       ## ##
     ##       #### ##     ## ######## ########  ##     ##  ######  ########

You're about to initialize a Firebase project in this directory:

  /Users/JakJones/Documents/Development/Spark/SparkLeaderboard

[debug] [2024-11-22T23:12:41.903Z] <<< [apiv2][status] GET https://firebase-public.firebaseio.com/cli.json 200
[debug] [2024-11-22T23:12:41.903Z] <<< [apiv2][body] GET https://firebase-public.firebaseio.com/cli.json {"cloudBuildErrorAfter":1594252800000,"cloudBuildWarnAfter":1590019200000,"defaultNode10After":1594252800000,"minVersion":"3.0.5","node8DeploysDisabledAfter":1613390400000,"node8RuntimeDisabledAfter":1615809600000,"node8WarnAfter":1600128000000}
